2018-10-01 23:16:08 INFO  FinanceTest:27 - Index Name : []
2018-10-01 23:16:08 INFO  FinanceTest:28 - Abs Change : [+192,90, +92,30, +299,00, −14,53, +17,80]
2018-10-01 23:16:09 INFO  FinanceTest:29 - Rel Change : [0,73, 0,75, 0,83, 0,19, 0,19]
2018-10-01 23:19:54 INFO  FinanceTest:27 - Index Name : []
2018-10-01 23:19:55 INFO  FinanceTest:28 - Abs Change : [+192,90, +92,30, +299,00, −14,53, +17,80]
2018-10-01 23:19:55 INFO  FinanceTest:29 - Rel Change : [0,73, 0,75, 0,83, 0,19, 0,19]
2018-10-01 23:21:57 INFO  FinanceTest:27 - Index Name : [Dow Jones Industrial Average, DAX PERFORMANCE-INDEX, BSE SENSEX, FTSE 100 Index, IBEX 35]
2018-10-01 23:21:57 INFO  FinanceTest:28 - Abs Change : [+192,90, +92,30, +299,00, −14,53, +17,80]
2018-10-01 23:21:58 INFO  FinanceTest:29 - Rel Change : [0,73, 0,75, 0,83, 0,19, 0,19]
2018-10-01 23:27:14 INFO  FinanceTest:27 - Index Name : [Dow Jones Industrial Average, DAX PERFORMANCE-INDEX, BSE SENSEX, FTSE 100 Index, IBEX 35]
2018-10-01 23:27:14 INFO  FinanceTest:28 - Abs Change : [+192,90, +92,30, +299,00, −14,53, +17,80]
2018-10-01 23:27:15 INFO  FinanceTest:29 - Rel Change : [0,73, 0,75, 0,83, 0,19, 0,19]
2018-10-01 23:31:46 INFO  FinanceBO:29 - Index Name : [Dow Jones Industrial Average, DAX PERFORMANCE-INDEX, BSE SENSEX, FTSE 100 Index, IBEX 35]
2018-10-01 23:31:46 INFO  FinanceBO:35 - Abs Change : [+192,90, +92,30, +299,00, −14,53, +17,80]
2018-10-01 23:31:47 INFO  FinanceBO:41 - Rel Change : [0,73, 0,75, 0,83, 0,19, 0,19]
2018-10-01 23:33:02 INFO  FinanceBO:29 - Index Name : [Dow Jones Industrial Average, DAX PERFORMANCE-INDEX, BSE SENSEX, FTSE 100 Index, IBEX 35]
2018-10-01 23:33:02 INFO  FinanceBO:35 - Abs Change : [+192,90, +92,30, +299,00, −14,53, +17,80]
2018-10-01 23:33:03 INFO  FinanceBO:41 - Rel Change : [0,73, 0,75, 0,83, 0,19, 0,19]
2018-10-01 23:33:05 INFO  FinanceBO:69 - Open-High-Low Values of 0-st index: [26 598,36, 26 598,36, 26 737,98]
2018-10-01 23:33:08 INFO  FinanceBO:69 - Open-High-Low Values of 1-st index: [12 265,89, 12 265,89, 12 373,29]
2018-10-01 23:33:09 INFO  FinanceBO:69 - Open-High-Low Values of 2-st index: [36 274,25, 36 274,25, 36 616,64]
2018-10-01 23:33:12 INFO  FinanceBO:69 - Open-High-Low Values of 3-st index: [7 510,20, 7 510,20, 7 526,20]
2018-10-01 23:33:14 INFO  FinanceBO:69 - Open-High-Low Values of 4-st index: [9 384,30, 9 384,30, 9 475,20]
2018-10-01 23:44:47 INFO  FinanceBO:29 - Index Name : [Dow Jones Industrial Average, DAX PERFORMANCE-INDEX, BSE SENSEX, FTSE 100 Index, IBEX 35]
2018-10-01 23:44:47 INFO  FinanceBO:35 - Abs Change : [+192,90, +92,30, +299,00, −14,53, +17,80]
2018-10-01 23:44:48 INFO  FinanceBO:41 - Rel Change : [0,73, 0,75, 0,83, 0,19, 0,19]
2018-10-01 23:44:50 INFO  FinanceBO:69 - Open-High-Low Values of 0-st index: [26 598,36, 26 598,36, 26 737,98]
2018-10-01 23:44:53 INFO  FinanceBO:69 - Open-High-Low Values of 1-st index: [12 265,89, 12 265,89, 12 373,29]
2018-10-01 23:44:55 INFO  FinanceBO:69 - Open-High-Low Values of 2-st index: [36 274,25, 36 274,25, 36 616,64]
2018-10-01 23:44:57 INFO  FinanceBO:69 - Open-High-Low Values of 3-st index: [7 510,20, 7 510,20, 7 526,20]
2018-10-01 23:44:59 INFO  FinanceBO:69 - Open-High-Low Values of 4-st index: [9 384,30, 9 384,30, 9 475,20]
2018-10-01 23:49:21 INFO  FinanceBO:29 - Index Name : [Dow Jones Industrial Average, DAX PERFORMANCE-INDEX, BSE SENSEX, FTSE 100 Index, IBEX 35]
2018-10-01 23:49:21 INFO  FinanceBO:35 - Abs Change : [+192,90, +92,30, +299,00, −14,53, +17,80]
2018-10-01 23:49:21 INFO  FinanceBO:41 - Rel Change : [0,73, 0,75, 0,83, 0,19, 0,19]
2018-10-01 23:49:24 INFO  FinanceBO:69 - Open-High-Low Values of 0-st index: [26 598,36, 26 598,36, 26 737,98]
2018-10-01 23:49:26 INFO  FinanceBO:69 - Open-High-Low Values of 1-st index: [12 265,89, 12 265,89, 12 373,29]
2018-10-01 23:49:28 INFO  FinanceBO:69 - Open-High-Low Values of 2-st index: [36 274,25, 36 274,25, 36 616,64]
2018-10-01 23:49:30 INFO  FinanceBO:69 - Open-High-Low Values of 3-st index: [7 510,20, 7 510,20, 7 526,20]
2018-10-01 23:49:31 INFO  FinanceBO:69 - Open-High-Low Values of 4-st index: [9 384,30, 9 384,30, 9 475,20]
2018-10-01 23:49:32 INFO  XMLTransformer:24 - JAXB exception
2018-10-01 23:52:10 INFO  FinanceBO:29 - Index Name : [Dow Jones Industrial Average, DAX PERFORMANCE-INDEX, BSE SENSEX, FTSE 100 Index, IBEX 35]
2018-10-01 23:52:10 INFO  FinanceBO:35 - Abs Change : [+192,90, +92,30, +299,00, −14,53, +17,80]
2018-10-01 23:52:11 INFO  FinanceBO:41 - Rel Change : [0,73, 0,75, 0,83, 0,19, 0,19]
2018-10-01 23:52:13 INFO  FinanceBO:69 - Open-High-Low Values of 0-st index: [26 598,36, 26 598,36, 26 737,98]
2018-10-01 23:52:15 INFO  FinanceBO:69 - Open-High-Low Values of 1-st index: [12 265,89, 12 265,89, 12 373,29]
2018-10-01 23:52:17 INFO  FinanceBO:69 - Open-High-Low Values of 2-st index: [36 274,25, 36 274,25, 36 616,64]
2018-10-01 23:52:19 INFO  FinanceBO:69 - Open-High-Low Values of 3-st index: [7 510,20, 7 510,20, 7 526,20]
2018-10-01 23:52:21 INFO  FinanceBO:69 - Open-High-Low Values of 4-st index: [9 384,30, 9 384,30, 9 475,20]
2018-10-01 23:52:22 INFO  XMLTransformer:24 - JAXB exception
2018-10-02 00:05:16 INFO  FinanceBO:29 - Index Name : [Dow Jones Industrial Average, DAX PERFORMANCE-INDEX, BSE SENSEX, FTSE 100 Index, IBEX 35]
2018-10-02 00:05:16 INFO  FinanceBO:35 - Abs Change : [+192,90, +92,30, +299,00, −14,53, +17,80]
2018-10-02 00:05:17 INFO  FinanceBO:41 - Rel Change : [0,73, 0,75, 0,83, 0,19, 0,19]
2018-10-02 00:05:19 INFO  FinanceBO:69 - Open-High-Low Values of 0-st index: [26 598,36, 26 598,36, 26 737,98]
2018-10-02 00:05:21 INFO  FinanceBO:69 - Open-High-Low Values of 1-st index: [12 265,89, 12 265,89, 12 373,29]
2018-10-02 00:05:23 INFO  FinanceBO:69 - Open-High-Low Values of 2-st index: [36 274,25, 36 274,25, 36 616,64]
2018-10-02 00:05:25 INFO  FinanceBO:69 - Open-High-Low Values of 3-st index: [7 510,20, 7 510,20, 7 526,20]
2018-10-02 00:05:27 INFO  FinanceBO:69 - Open-High-Low Values of 4-st index: [9 384,30, 9 384,30, 9 475,20]
2018-10-02 00:05:28 INFO  XMLTransformer:24 - JAXB exception
2018-10-02 00:21:04 INFO  FinanceBO:29 - Index Name : [Dow Jones Industrial Average, DAX PERFORMANCE-INDEX, BSE SENSEX, FTSE 100 Index, IBEX 35]
2018-10-02 00:21:04 INFO  FinanceBO:35 - Abs Change : [+192,90, +92,30, +299,00, −14,53, +17,80]
2018-10-02 00:21:05 INFO  FinanceBO:41 - Rel Change : [0,73, 0,75, 0,83, 0,19, 0,19]
2018-10-02 00:21:06 INFO  FinanceBO:69 - Open-High-Low Values of 0-st index: [26 598,36, 26 598,36, 26 737,98]
2018-10-02 00:21:08 INFO  FinanceBO:69 - Open-High-Low Values of 1-st index: [12 265,89, 12 265,89, 12 373,29]
2018-10-02 00:21:10 INFO  FinanceBO:69 - Open-High-Low Values of 2-st index: [36 274,25, 36 274,25, 36 616,64]
2018-10-02 00:21:12 INFO  FinanceBO:69 - Open-High-Low Values of 3-st index: [7 510,20, 7 510,20, 7 526,20]
2018-10-02 00:21:14 INFO  FinanceBO:69 - Open-High-Low Values of 4-st index: [9 384,30, 9 384,30, 9 475,20]
2018-10-02 00:21:15 INFO  XMLTransformer:24 - JAXB exception
